<?xml version="1.0" encoding="UTF-8"?>
<!-- Generated by org.testng.reporters.JUnitReportReporter -->
<testsuite hostname="INFO-LTP-014" name="com.cucumber.framework.runner.Infotech_HR.Edit_User_Access" tests="1" failures="0" timestamp="13 Jul 2019 09:00:23 GMT" time="1099.924" errors="0">
  <testcase name="feature" time="1099.924" classname="com.cucumber.framework.runner.Infotech_HR.Edit_User_Access"/>
</testsuite> <!-- com.cucumber.framework.runner.Infotech_HR.Edit_User_Access -->
