<?xml version="1.0" encoding="UTF-8"?>
<!-- Generated by org.testng.reporters.JUnitReportReporter -->
<testsuite hostname="INFO-LTP-014" name="com.cucumber.framework.runner.Employee_Basic_Details.EpayRollEmployee_Type" tests="1" failures="0" timestamp="15 Jul 2019 14:01:18 GMT" time="100.663" errors="0">
  <testcase name="feature" time="100.663" classname="com.cucumber.framework.runner.Employee_Basic_Details.EpayRollEmployee_Type"/>
</testsuite> <!-- com.cucumber.framework.runner.Employee_Basic_Details.EpayRollEmployee_Type -->
