<?xml version="1.0" encoding="UTF-8"?>
<!-- Generated by org.testng.reporters.JUnitReportReporter -->
<testsuite hostname="INFO-LTP-014" name="com.cucumber.framework.runner.Infotech_HR.Leave_Software_runner" tests="1" failures="0" timestamp="3 Jul 2019 03:09:01 GMT" time="211.783" errors="0">
  <testcase name="feature" time="211.783" classname="com.cucumber.framework.runner.Infotech_HR.Leave_Software_runner"/>
</testsuite> <!-- com.cucumber.framework.runner.Infotech_HR.Leave_Software_runner -->
