<?xml version="1.0" encoding="UTF-8"?>
<!-- Generated by org.testng.reporters.JUnitReportReporter -->
<testsuite hostname="INFO-LTP-014" name="com.cucumber.framework.runner.Employee_Basic_Details.Mobile" tests="1" failures="0" timestamp="15 Jul 2019 14:01:17 GMT" time="133.383" errors="0">
  <testcase name="feature" time="133.383" classname="com.cucumber.framework.runner.Employee_Basic_Details.Mobile"/>
</testsuite> <!-- com.cucumber.framework.runner.Employee_Basic_Details.Mobile -->
