<?xml version="1.0" encoding="UTF-8"?>
<!-- Generated by org.testng.reporters.JUnitReportReporter -->
<testsuite hostname="INFO-LTP-014" name="com.cucumber.framework.runner.Employee_Basic_Details.Edit_Employee_Details" tests="1" failures="0" timestamp="15 Jul 2019 14:01:17 GMT" time="75.896" errors="0">
  <testcase name="feature" time="75.896" classname="com.cucumber.framework.runner.Employee_Basic_Details.Edit_Employee_Details"/>
</testsuite> <!-- com.cucumber.framework.runner.Employee_Basic_Details.Edit_Employee_Details -->
