<?xml version="1.0" encoding="UTF-8"?>
<!-- Generated by org.testng.reporters.JUnitReportReporter -->
<testsuite hostname="INFO-LTP-014" name="com.cucumber.framework.runner.Infotech_HR.Negative_Scenario_Employee_Runner" tests="1" failures="0" timestamp="3 Jul 2019 02:28:59 GMT" time="433.526" errors="0">
  <testcase name="feature" time="433.526" classname="com.cucumber.framework.runner.Infotech_HR.Negative_Scenario_Employee_Runner"/>
</testsuite> <!-- com.cucumber.framework.runner.Infotech_HR.Negative_Scenario_Employee_Runner -->
