<?xml version="1.0" encoding="UTF-8"?>
<!-- Generated by org.testng.reporters.JUnitReportReporter -->
<testsuite hostname="INFO-LTP-014" name="com.cucumber.framework.runner.Employee_Basic_Details.Duplicate_Employe_Details" tests="1" failures="0" timestamp="15 Jul 2019 14:01:18 GMT" time="71.961" errors="0">
  <testcase name="feature" time="71.961" classname="com.cucumber.framework.runner.Employee_Basic_Details.Duplicate_Employe_Details"/>
</testsuite> <!-- com.cucumber.framework.runner.Employee_Basic_Details.Duplicate_Employe_Details -->
