<?xml version="1.0" encoding="UTF-8"?>
<!-- Generated by org.testng.reporters.JUnitReportReporter -->
<testsuite hostname="INFO-LTP-014" name="com.cucumber.framework.runner.Employee_Basic_Details.EpayRoll_Account" tests="1" failures="0" timestamp="15 Jul 2019 14:01:17 GMT" time="166.810" errors="0">
  <testcase name="feature" time="166.810" classname="com.cucumber.framework.runner.Employee_Basic_Details.EpayRoll_Account"/>
</testsuite> <!-- com.cucumber.framework.runner.Employee_Basic_Details.EpayRoll_Account -->
