<?xml version="1.0" encoding="UTF-8"?>
<!-- Generated by org.testng.reporters.JUnitReportReporter -->
<testsuite hostname="INFO-LTP-014" name="com.cucumber.framework.runner.Employee_Basic_Details.Leave_Software_runner" tests="1" failures="0" timestamp="15 Jul 2019 14:01:18 GMT" time="209.681" errors="0">
  <testcase name="feature" time="209.681" classname="com.cucumber.framework.runner.Employee_Basic_Details.Leave_Software_runner"/>
</testsuite> <!-- com.cucumber.framework.runner.Employee_Basic_Details.Leave_Software_runner -->
