<?xml version="1.0" encoding="UTF-8"?>
<!-- Generated by org.testng.reporters.JUnitReportReporter -->
<testsuite skipped="1" hostname="LAPTOP-P9U8PG08" name="com.cucumber.framework.runner.Infotech_HR.failedscenario" tests="1" failures="0" timestamp="06 Jun 2020 02:19:17 GMT" time="0.000" errors="0">
  <testcase name="feature" time="0.000" classname="com.cucumber.framework.runner.Infotech_HR.failedscenario">
    <skipped/>
  </testcase> <!-- feature -->
</testsuite> <!-- com.cucumber.framework.runner.Infotech_HR.failedscenario -->
