<?xml version="1.0" encoding="UTF-8"?>
<!-- Generated by org.testng.reporters.JUnitReportReporter -->
<testsuite hostname="INFO-LTP-014" name="com.cucumber.framework.runner.UserAccess.UserAccess_Negative3" tests="1" failures="0" timestamp="14 Jul 2019 01:42:52 GMT" time="1157.321" errors="0">
  <testcase name="feature" time="1157.321" classname="com.cucumber.framework.runner.UserAccess.UserAccess_Negative3"/>
</testsuite> <!-- com.cucumber.framework.runner.UserAccess.UserAccess_Negative3 -->
