<?xml version="1.0" encoding="UTF-8"?>
<!-- Generated by org.testng.reporters.JUnitReportReporter -->
<testsuite hostname="INFO-LTP-014" name="com.cucumber.framework.runner.Employee_Basic_Details.E_leave_All_Approvals" tests="1" failures="0" timestamp="20 Jul 2019 05:34:08 GMT" time="385.059" errors="0">
  <testcase name="feature" time="385.059" classname="com.cucumber.framework.runner.Employee_Basic_Details.E_leave_All_Approvals"/>
</testsuite> <!-- com.cucumber.framework.runner.Employee_Basic_Details.E_leave_All_Approvals -->
