<?xml version="1.0" encoding="UTF-8"?>
<!-- Generated by org.testng.reporters.JUnitReportReporter -->
<testsuite hostname="INFO-LTP-014" name="com.cucumber.framework.runner.Employee_Basic_Details.Epayroll_Duplicate_idandemaii" tests="1" failures="0" timestamp="15 Jul 2019 14:01:17 GMT" time="114.325" errors="0">
  <testcase name="feature" time="114.325" classname="com.cucumber.framework.runner.Employee_Basic_Details.Epayroll_Duplicate_idandemaii"/>
</testsuite> <!-- com.cucumber.framework.runner.Employee_Basic_Details.Epayroll_Duplicate_idandemaii -->
