<?xml version="1.0" encoding="UTF-8"?>
<!-- Generated by org.testng.reporters.JUnitReportReporter -->
<testsuite hostname="INFO-LTP-014" name="com.cucumber.framework.runner.Employee_Basic_Details.Epayroll_Payday" tests="1" failures="0" timestamp="15 Jul 2019 14:01:17 GMT" time="96.537" errors="0">
  <testcase name="feature" time="96.537" classname="com.cucumber.framework.runner.Employee_Basic_Details.Epayroll_Payday"/>
</testsuite> <!-- com.cucumber.framework.runner.Employee_Basic_Details.Epayroll_Payday -->
