<?xml version="1.0" encoding="UTF-8"?>
<!-- Generated by org.testng.reporters.JUnitReportReporter -->
<testsuite hostname="INFO-LTP-014" name="com.cucumber.framework.runner.Employee_Basic_Details.EPayroll" tests="1" failures="0" timestamp="15 Jul 2019 14:01:18 GMT" time="93.113" errors="0">
  <testcase name="feature" time="93.113" classname="com.cucumber.framework.runner.Employee_Basic_Details.EPayroll"/>
</testsuite> <!-- com.cucumber.framework.runner.Employee_Basic_Details.EPayroll -->
