<?xml version="1.0" encoding="UTF-8"?>
<!-- Generated by org.testng.reporters.JUnitReportReporter -->
<testsuite hostname="INFO-LTP-014" name="com.cucumber.framework.runner.Employee_Basic_Details.E_leave_child_Details" tests="1" failures="0" timestamp="15 Jul 2019 14:01:18 GMT" time="279.881" errors="0">
  <testcase name="feature" time="279.881" classname="com.cucumber.framework.runner.Employee_Basic_Details.E_leave_child_Details"/>
</testsuite> <!-- com.cucumber.framework.runner.Employee_Basic_Details.E_leave_child_Details -->
